<?xml version="1.0" encoding="UTF-8"?>
<testng-results ignored="0" total="1" passed="1" failed="0" skipped="0">
  <reporter-output>
  </reporter-output>
  <suite started-at="2022-02-12T09:53:12 WAT" name="Default suite" finished-at="2022-02-12T09:54:09 WAT" duration-ms="56939">
    <groups>
    </groups>
    <test started-at="2022-02-12T09:53:12 WAT" name="Default test" finished-at="2022-02-12T09:54:09 WAT" duration-ms="56939">
      <class name="TestDeamon.Tinah.TestHomepage">
        <test-method is-config="true" signature="initalizeChrome()[pri:0, instance:TestDeamon.Tinah.TestHomepage@795cd85e]" started-at="2022-02-12T09:53:12 WAT" name="initalizeChrome" finished-at="2022-02-12T09:53:37 WAT" duration-ms="24769" status="PASS">
          <reporter-output>
          </reporter-output>
        </test-method> <!-- initalizeChrome -->
        <test-method signature="setup()[pri:0, instance:TestDeamon.Tinah.TestHomepage@795cd85e]" started-at="2022-02-12T09:53:37 WAT" name="setup" finished-at="2022-02-12T09:54:09 WAT" duration-ms="31734" status="PASS">
          <reporter-output>
          </reporter-output>
        </test-method> <!-- setup -->
        <test-method is-config="true" signature="tearDown()[pri:0, instance:TestDeamon.Tinah.TestHomepage@795cd85e]" started-at="2022-02-12T09:54:09 WAT" name="tearDown" finished-at="2022-02-12T09:54:09 WAT" duration-ms="376" status="PASS">
          <reporter-output>
          </reporter-output>
        </test-method> <!-- tearDown -->
      </class> <!-- TestDeamon.Tinah.TestHomepage -->
    </test> <!-- Default test -->
  </suite> <!-- Default suite -->
</testng-results>
